<?xml version="1.0" encoding="UTF-8"?>
<!-- Generated by org.testng.reporters.JUnitXMLReporter -->
<testsuite ignored="0" hostname="DESKTOP-S1MQ5B3" failures="1" tests="1" name="AddCustomer test" time="6.819" errors="0" timestamp="2024-12-05T18:38:15 IST">
  <testcase classname="com.FW.testcases.AddNewCustomer" name="addCustomer" time="6.366">
    <failure type="java.lang.NullPointerException" message="Cannot invoke &amp;quot;org.openqa.selenium.support.ui.WebDriverWait.until(java.util.function.Function)&amp;quot; because &amp;quot;com.FW.testcases.AddNewCustomer.wait&amp;quot; is null">
      <![CDATA[java.lang.NullPointerException: Cannot invoke "org.openqa.selenium.support.ui.WebDriverWait.until(java.util.function.Function)" because "com.FW.testcases.AddNewCustomer.wait" is null
at com.FW.testcases.AddNewCustomer.addCustomer(AddNewCustomer.java:26)
at java.base/java.util.ArrayList.forEach(ArrayList.java:1511)
... Removed 25 stack frames]]>
    </failure>
  </testcase> <!-- addCustomer -->
</testsuite> <!-- AddCustomer test -->
