<?xml version="1.0" encoding="UTF-8"?>
<!-- Generated by org.testng.reporters.JUnitXMLReporter -->
<testsuite ignored="0" hostname="DESKTOP-S1MQ5B3" failures="0" tests="4" name="AddNewCustomer" time="39.247" errors="0" timestamp="13 Dec 2024 07:46:02 GMT">
  <testcase classname="com.FW.testcases.AddNewCustomer" name="addCustomer" time="9.535"/>
  <testcase classname="com.FW.testcases.AddNewCustomer" name="addCustomer" time="9.384"/>
  <testcase classname="com.FW.testcases.AddNewCustomer" name="addCustomer" time="9.296"/>
  <testcase classname="com.FW.testcases.AddNewCustomer" name="addCustomer" time="9.466"/>
</testsuite> <!-- AddNewCustomer -->
