<?xml version="1.0" encoding="UTF-8"?>
<!-- Generated by org.testng.reporters.JUnitXMLReporter -->
<testsuite ignored="0" hostname="DESKTOP-S1MQ5B3" failures="0" tests="3" name="OpenAccount" time="16.408" errors="0" timestamp="13 Dec 2024 07:46:19 GMT">
  <testcase classname="com.FW.testcases.OpenAccount" name="openAccountforNewCustomer" time="5.326"/>
  <testcase classname="com.FW.testcases.OpenAccount" name="openAccountforNewCustomer" time="5.281"/>
  <testcase classname="com.FW.testcases.OpenAccount" name="openAccountforNewCustomer" time="5.358"/>
</testsuite> <!-- OpenAccount -->
