<?xml version="1.0" encoding="UTF-8"?>
<testsuite name="AddNewCustomer"
           tests="4"
           failures="0"
           errors="0"
           skipped="0"
           time="37.681">
  <properties />
  
  
            <testcase name="addCustomer" time="9.384" classname="com.FW.testcases.AddNewCustomer" />
                <testcase name="addCustomer" time="9.466" classname="com.FW.testcases.AddNewCustomer" />
                <testcase name="addCustomer" time="9.535" classname="com.FW.testcases.AddNewCustomer" />
                <testcase name="addCustomer" time="9.296" classname="com.FW.testcases.AddNewCustomer" />
      
</testsuite>
